Analysis & Synthesis report for Lab5
Sat Feb 14 17:46:38 2015
Quartus II 64-Bit Version 14.1.0 Build 186 12/03/2014 SJ Web Edition


---------------------
; Table of Contents ;
---------------------
  1. Legal Notice
  2. Analysis & Synthesis Summary
  3. Analysis & Synthesis Settings
  4. Parallel Compilation
  5. Analysis & Synthesis Source Files Read
  6. Analysis & Synthesis Resource Usage Summary
  7. Analysis & Synthesis Resource Utilization by Entity
  8. State Machine - |processer|control:control_module|counter_cur
  9. Registers Removed During Synthesis
 10. General Register Statistics
 11. Multiplexer Restructuring Statistics (Restructuring Performed)
 12. Port Connectivity Checks: "computation_module:adder|carry_select_adder_9:adder|adder_4_select:adderA1"
 13. Port Connectivity Checks: "computation_module:adder|carry_select_adder_9:adder|adder_4_select:adderA0"
 14. Port Connectivity Checks: "computation_module:adder|carry_select_adder_9:adder|adder_4_select:adderB1"
 15. Port Connectivity Checks: "computation_module:adder|carry_select_adder_9:adder|adder_4_select:adderB0"
 16. Port Connectivity Checks: "computation_module:adder|carry_select_adder_9:adder"
 17. Post-Synthesis Netlist Statistics for Top Partition
 18. Elapsed Time Per Partition
 19. Analysis & Synthesis Messages
 20. Analysis & Synthesis Suppressed Messages



----------------
; Legal Notice ;
----------------
Copyright (C) 1991-2014 Altera Corporation. All rights reserved.
Your use of Altera Corporation's design tools, logic functions 
and other software and tools, and its AMPP partner logic 
functions, and any output files from any of the foregoing 
(including device programming or simulation files), and any 
associated documentation or information are expressly subject 
to the terms and conditions of the Altera Program License 
Subscription Agreement, the Altera Quartus II License Agreement,
the Altera MegaCore Function License Agreement, or other 
applicable license agreement, including, without limitation, 
that your use is for the sole purpose of programming logic 
devices manufactured by Altera and sold by Altera or its 
authorized distributors.  Please refer to the applicable 
agreement for further details.



+---------------------------------------------------------------------------------+
; Analysis & Synthesis Summary                                                    ;
+------------------------------------+--------------------------------------------+
; Analysis & Synthesis Status        ; Successful - Sat Feb 14 17:46:38 2015      ;
; Quartus II 64-Bit Version          ; 14.1.0 Build 186 12/03/2014 SJ Web Edition ;
; Revision Name                      ; Lab5                                       ;
; Top-level Entity Name              ; processer                                  ;
; Family                             ; Cyclone IV E                               ;
; Total logic elements               ; 103                                        ;
;     Total combinational functions  ; 88                                         ;
;     Dedicated logic registers      ; 35                                         ;
; Total registers                    ; 35                                         ;
; Total pins                         ; 41                                         ;
; Total virtual pins                 ; 0                                          ;
; Total memory bits                  ; 0                                          ;
; Embedded Multiplier 9-bit elements ; 0                                          ;
; Total PLLs                         ; 0                                          ;
+------------------------------------+--------------------------------------------+


+----------------------------------------------------------------------------------------------------------------------+
; Analysis & Synthesis Settings                                                                                        ;
+----------------------------------------------------------------------------+--------------------+--------------------+
; Option                                                                     ; Setting            ; Default Value      ;
+----------------------------------------------------------------------------+--------------------+--------------------+
; Device                                                                     ; EP4CE115F29C7      ;                    ;
; Top-level entity name                                                      ; processer          ; Lab5               ;
; Family name                                                                ; Cyclone IV E       ; Cyclone IV GX      ;
; Use smart compilation                                                      ; Off                ; Off                ;
; Enable parallel Assembler and TimeQuest Timing Analyzer during compilation ; On                 ; On                 ;
; Enable compact report table                                                ; Off                ; Off                ;
; Restructure Multiplexers                                                   ; Auto               ; Auto               ;
; Create Debugging Nodes for IP Cores                                        ; Off                ; Off                ;
; Preserve fewer node names                                                  ; On                 ; On                 ;
; Disable OpenCore Plus hardware evaluation                                  ; Off                ; Off                ;
; Verilog Version                                                            ; Verilog_2001       ; Verilog_2001       ;
; VHDL Version                                                               ; VHDL_1993          ; VHDL_1993          ;
; State Machine Processing                                                   ; Auto               ; Auto               ;
; Safe State Machine                                                         ; Off                ; Off                ;
; Extract Verilog State Machines                                             ; On                 ; On                 ;
; Extract VHDL State Machines                                                ; On                 ; On                 ;
; Ignore Verilog initial constructs                                          ; Off                ; Off                ;
; Iteration limit for constant Verilog loops                                 ; 5000               ; 5000               ;
; Iteration limit for non-constant Verilog loops                             ; 250                ; 250                ;
; Add Pass-Through Logic to Inferred RAMs                                    ; On                 ; On                 ;
; Infer RAMs from Raw Logic                                                  ; On                 ; On                 ;
; Parallel Synthesis                                                         ; On                 ; On                 ;
; DSP Block Balancing                                                        ; Auto               ; Auto               ;
; NOT Gate Push-Back                                                         ; On                 ; On                 ;
; Power-Up Don't Care                                                        ; On                 ; On                 ;
; Remove Redundant Logic Cells                                               ; Off                ; Off                ;
; Remove Duplicate Registers                                                 ; On                 ; On                 ;
; Ignore CARRY Buffers                                                       ; Off                ; Off                ;
; Ignore CASCADE Buffers                                                     ; Off                ; Off                ;
; Ignore GLOBAL Buffers                                                      ; Off                ; Off                ;
; Ignore ROW GLOBAL Buffers                                                  ; Off                ; Off                ;
; Ignore LCELL Buffers                                                       ; Off                ; Off                ;
; Ignore SOFT Buffers                                                        ; On                 ; On                 ;
; Limit AHDL Integers to 32 Bits                                             ; Off                ; Off                ;
; Optimization Technique                                                     ; Balanced           ; Balanced           ;
; Carry Chain Length                                                         ; 70                 ; 70                 ;
; Auto Carry Chains                                                          ; On                 ; On                 ;
; Auto Open-Drain Pins                                                       ; On                 ; On                 ;
; Perform WYSIWYG Primitive Resynthesis                                      ; Off                ; Off                ;
; Auto ROM Replacement                                                       ; On                 ; On                 ;
; Auto RAM Replacement                                                       ; On                 ; On                 ;
; Auto DSP Block Replacement                                                 ; On                 ; On                 ;
; Auto Shift Register Replacement                                            ; Auto               ; Auto               ;
; Allow Shift Register Merging across Hierarchies                            ; Auto               ; Auto               ;
; Auto Clock Enable Replacement                                              ; On                 ; On                 ;
; Strict RAM Replacement                                                     ; Off                ; Off                ;
; Allow Synchronous Control Signals                                          ; On                 ; On                 ;
; Force Use of Synchronous Clear Signals                                     ; Off                ; Off                ;
; Auto RAM Block Balancing                                                   ; On                 ; On                 ;
; Auto RAM to Logic Cell Conversion                                          ; Off                ; Off                ;
; Auto Resource Sharing                                                      ; Off                ; Off                ;
; Allow Any RAM Size For Recognition                                         ; Off                ; Off                ;
; Allow Any ROM Size For Recognition                                         ; Off                ; Off                ;
; Allow Any Shift Register Size For Recognition                              ; Off                ; Off                ;
; Use LogicLock Constraints during Resource Balancing                        ; On                 ; On                 ;
; Ignore translate_off and synthesis_off directives                          ; Off                ; Off                ;
; Timing-Driven Synthesis                                                    ; On                 ; On                 ;
; Report Parameter Settings                                                  ; On                 ; On                 ;
; Report Source Assignments                                                  ; On                 ; On                 ;
; Report Connectivity Checks                                                 ; On                 ; On                 ;
; Ignore Maximum Fan-Out Assignments                                         ; Off                ; Off                ;
; Synchronization Register Chain Length                                      ; 2                  ; 2                  ;
; PowerPlay Power Optimization During Synthesis                              ; Normal compilation ; Normal compilation ;
; HDL message level                                                          ; Level2             ; Level2             ;
; Suppress Register Optimization Related Messages                            ; Off                ; Off                ;
; Number of Removed Registers Reported in Synthesis Report                   ; 5000               ; 5000               ;
; Number of Swept Nodes Reported in Synthesis Report                         ; 5000               ; 5000               ;
; Number of Inverted Registers Reported in Synthesis Report                  ; 100                ; 100                ;
; Clock MUX Protection                                                       ; On                 ; On                 ;
; Auto Gated Clock Conversion                                                ; Off                ; Off                ;
; Block Design Naming                                                        ; Auto               ; Auto               ;
; SDC constraint protection                                                  ; Off                ; Off                ;
; Synthesis Effort                                                           ; Auto               ; Auto               ;
; Shift Register Replacement - Allow Asynchronous Clear Signal               ; On                 ; On                 ;
; Pre-Mapping Resynthesis Optimization                                       ; Off                ; Off                ;
; Analysis & Synthesis Message Level                                         ; Medium             ; Medium             ;
; Disable Register Merging Across Hierarchies                                ; Auto               ; Auto               ;
; Resource Aware Inference For Block RAM                                     ; On                 ; On                 ;
; Synthesis Seed                                                             ; 1                  ; 1                  ;
+----------------------------------------------------------------------------+--------------------+--------------------+


Parallel compilation was disabled, but you have multiple processors available. Enable parallel compilation to reduce compilation time.
+-------------------------------------+
; Parallel Compilation                ;
+----------------------------+--------+
; Processors                 ; Number ;
+----------------------------+--------+
; Number detected on machine ; 8      ;
; Maximum allowed            ; 1      ;
+----------------------------+--------+


+-------------------------------------------------------------------------------------------------------------------------------------------------------------------+
; Analysis & Synthesis Source Files Read                                                                                                                            ;
+----------------------------------+-----------------+------------------------------+---------------------------------------------------------------------+---------+
; File Name with User-Entered Path ; Used in Netlist ; File Type                    ; File Name with Absolute Path                                        ; Library ;
+----------------------------------+-----------------+------------------------------+---------------------------------------------------------------------+---------+
; HexDriver.sv                     ; yes             ; User SystemVerilog HDL File  ; C:/Users/Sunny/Documents/GitHub/ECE385_Lab5/HexDriver.sv            ;         ;
; mux2to1.sv                       ; yes             ; User SystemVerilog HDL File  ; C:/Users/Sunny/Documents/GitHub/ECE385_Lab5/mux2to1.sv              ;         ;
; adder_4_select.sv                ; yes             ; User SystemVerilog HDL File  ; C:/Users/Sunny/Documents/GitHub/ECE385_Lab5/adder_4_select.sv       ;         ;
; full_adder.sv                    ; yes             ; User SystemVerilog HDL File  ; C:/Users/Sunny/Documents/GitHub/ECE385_Lab5/full_adder.sv           ;         ;
; carry_select_adder_9.sv          ; yes             ; User SystemVerilog HDL File  ; C:/Users/Sunny/Documents/GitHub/ECE385_Lab5/carry_select_adder_9.sv ;         ;
; control.sv                       ; yes             ; User SystemVerilog HDL File  ; C:/Users/Sunny/Documents/GitHub/ECE385_Lab5/control.sv              ;         ;
; computation_module.sv            ; yes             ; User SystemVerilog HDL File  ; C:/Users/Sunny/Documents/GitHub/ECE385_Lab5/computation_module.sv   ;         ;
; processer.sv                     ; yes             ; User SystemVerilog HDL File  ; C:/Users/Sunny/Documents/GitHub/ECE385_Lab5/processer.sv            ;         ;
; shift_reg_8.sv                   ; yes             ; User SystemVerilog HDL File  ; C:/Users/Sunny/Documents/GitHub/ECE385_Lab5/shift_reg_8.sv          ;         ;
+----------------------------------+-----------------+------------------------------+---------------------------------------------------------------------+---------+


+---------------------------------------------------------+
; Analysis & Synthesis Resource Usage Summary             ;
+---------------------------------------------+-----------+
; Resource                                    ; Usage     ;
+---------------------------------------------+-----------+
; Estimated Total logic elements              ; 103       ;
;                                             ;           ;
; Total combinational functions               ; 88        ;
; Logic element usage by number of LUT inputs ;           ;
;     -- 4 input functions                    ; 67        ;
;     -- 3 input functions                    ; 18        ;
;     -- <=2 input functions                  ; 3         ;
;                                             ;           ;
; Logic elements by mode                      ;           ;
;     -- normal mode                          ; 88        ;
;     -- arithmetic mode                      ; 0         ;
;                                             ;           ;
; Total registers                             ; 35        ;
;     -- Dedicated logic registers            ; 35        ;
;     -- I/O registers                        ; 0         ;
;                                             ;           ;
; I/O pins                                    ; 41        ;
;                                             ;           ;
; Embedded Multiplier 9-bit elements          ; 0         ;
;                                             ;           ;
; Maximum fan-out node                        ; Clk~input ;
; Maximum fan-out                             ; 35        ;
; Total fan-out                               ; 517       ;
; Average fan-out                             ; 2.52      ;
+---------------------------------------------+-----------+


+----------------------------------------------------------------------------------------------------------------------------------------------------------------------------------------------------------------------------------------------------------------------+
; Analysis & Synthesis Resource Utilization by Entity                                                                                                                                                                                                                  ;
+------------------------------------+-------------------+--------------+-------------+--------------+---------+-----------+------+--------------+------------------------------------------------------------------------------------------------------+--------------+
; Compilation Hierarchy Node         ; LC Combinationals ; LC Registers ; Memory Bits ; DSP Elements ; DSP 9x9 ; DSP 18x18 ; Pins ; Virtual Pins ; Full Hierarchy Name                                                                                  ; Library Name ;
+------------------------------------+-------------------+--------------+-------------+--------------+---------+-----------+------+--------------+------------------------------------------------------------------------------------------------------+--------------+
; |processer                         ; 88 (0)            ; 35 (1)       ; 0           ; 0            ; 0       ; 0         ; 41   ; 0            ; |processer                                                                                           ; work         ;
;    |HexDriver:A_HexDn|             ; 7 (7)             ; 0 (0)        ; 0           ; 0            ; 0       ; 0         ; 0    ; 0            ; |processer|HexDriver:A_HexDn                                                                         ; work         ;
;    |HexDriver:A_HexUp|             ; 7 (7)             ; 0 (0)        ; 0           ; 0            ; 0       ; 0         ; 0    ; 0            ; |processer|HexDriver:A_HexUp                                                                         ; work         ;
;    |HexDriver:B_HexDn|             ; 7 (7)             ; 0 (0)        ; 0           ; 0            ; 0       ; 0         ; 0    ; 0            ; |processer|HexDriver:B_HexDn                                                                         ; work         ;
;    |HexDriver:B_HexUp|             ; 7 (7)             ; 0 (0)        ; 0           ; 0            ; 0       ; 0         ; 0    ; 0            ; |processer|HexDriver:B_HexUp                                                                         ; work         ;
;    |computation_module:adder|      ; 31 (9)            ; 0 (0)        ; 0           ; 0            ; 0       ; 0         ; 0    ; 0            ; |processer|computation_module:adder                                                                  ; work         ;
;       |carry_select_adder_9:adder| ; 22 (2)            ; 0 (0)        ; 0           ; 0            ; 0       ; 0         ; 0    ; 0            ; |processer|computation_module:adder|carry_select_adder_9:adder                                       ; work         ;
;          |adder_4_select:adderA0|  ; 5 (0)             ; 0 (0)        ; 0           ; 0            ; 0       ; 0         ; 0    ; 0            ; |processer|computation_module:adder|carry_select_adder_9:adder|adder_4_select:adderA0                ; work         ;
;             |full_adder:FA1|       ; 2 (2)             ; 0 (0)        ; 0           ; 0            ; 0       ; 0         ; 0    ; 0            ; |processer|computation_module:adder|carry_select_adder_9:adder|adder_4_select:adderA0|full_adder:FA1 ; work         ;
;             |full_adder:FA2|       ; 2 (2)             ; 0 (0)        ; 0           ; 0            ; 0       ; 0         ; 0    ; 0            ; |processer|computation_module:adder|carry_select_adder_9:adder|adder_4_select:adderA0|full_adder:FA2 ; work         ;
;             |full_adder:FA3|       ; 1 (1)             ; 0 (0)        ; 0           ; 0            ; 0       ; 0         ; 0    ; 0            ; |processer|computation_module:adder|carry_select_adder_9:adder|adder_4_select:adderA0|full_adder:FA3 ; work         ;
;          |adder_4_select:adderA1|  ; 5 (0)             ; 0 (0)        ; 0           ; 0            ; 0       ; 0         ; 0    ; 0            ; |processer|computation_module:adder|carry_select_adder_9:adder|adder_4_select:adderA1                ; work         ;
;             |full_adder:FA1|       ; 2 (2)             ; 0 (0)        ; 0           ; 0            ; 0       ; 0         ; 0    ; 0            ; |processer|computation_module:adder|carry_select_adder_9:adder|adder_4_select:adderA1|full_adder:FA1 ; work         ;
;             |full_adder:FA2|       ; 1 (1)             ; 0 (0)        ; 0           ; 0            ; 0       ; 0         ; 0    ; 0            ; |processer|computation_module:adder|carry_select_adder_9:adder|adder_4_select:adderA1|full_adder:FA2 ; work         ;
;             |full_adder:FA3|       ; 2 (2)             ; 0 (0)        ; 0           ; 0            ; 0       ; 0         ; 0    ; 0            ; |processer|computation_module:adder|carry_select_adder_9:adder|adder_4_select:adderA1|full_adder:FA3 ; work         ;
;          |adder_4_select:adderB0|  ; 3 (0)             ; 0 (0)        ; 0           ; 0            ; 0       ; 0         ; 0    ; 0            ; |processer|computation_module:adder|carry_select_adder_9:adder|adder_4_select:adderB0                ; work         ;
;             |full_adder:FA1|       ; 2 (2)             ; 0 (0)        ; 0           ; 0            ; 0       ; 0         ; 0    ; 0            ; |processer|computation_module:adder|carry_select_adder_9:adder|adder_4_select:adderB0|full_adder:FA1 ; work         ;
;             |full_adder:FA2|       ; 1 (1)             ; 0 (0)        ; 0           ; 0            ; 0       ; 0         ; 0    ; 0            ; |processer|computation_module:adder|carry_select_adder_9:adder|adder_4_select:adderB0|full_adder:FA2 ; work         ;
;          |adder_4_select:adderB1|  ; 3 (0)             ; 0 (0)        ; 0           ; 0            ; 0       ; 0         ; 0    ; 0            ; |processer|computation_module:adder|carry_select_adder_9:adder|adder_4_select:adderB1                ; work         ;
;             |full_adder:FA1|       ; 2 (2)             ; 0 (0)        ; 0           ; 0            ; 0       ; 0         ; 0    ; 0            ; |processer|computation_module:adder|carry_select_adder_9:adder|adder_4_select:adderB1|full_adder:FA1 ; work         ;
;             |full_adder:FA2|       ; 1 (1)             ; 0 (0)        ; 0           ; 0            ; 0       ; 0         ; 0    ; 0            ; |processer|computation_module:adder|carry_select_adder_9:adder|adder_4_select:adderB1|full_adder:FA2 ; work         ;
;          |full_adder:bit0|         ; 2 (2)             ; 0 (0)        ; 0           ; 0            ; 0       ; 0         ; 0    ; 0            ; |processer|computation_module:adder|carry_select_adder_9:adder|full_adder:bit0                       ; work         ;
;          |mux2to1:muxA|            ; 1 (1)             ; 0 (0)        ; 0           ; 0            ; 0       ; 0         ; 0    ; 0            ; |processer|computation_module:adder|carry_select_adder_9:adder|mux2to1:muxA                          ; work         ;
;          |mux2to1:muxB|            ; 1 (1)             ; 0 (0)        ; 0           ; 0            ; 0       ; 0         ; 0    ; 0            ; |processer|computation_module:adder|carry_select_adder_9:adder|mux2to1:muxB                          ; work         ;
;    |control:control_module|        ; 10 (10)           ; 18 (18)      ; 0           ; 0            ; 0       ; 0         ; 0    ; 0            ; |processer|control:control_module                                                                    ; work         ;
;    |shift_reg_8:A_reg|             ; 10 (10)           ; 8 (8)        ; 0           ; 0            ; 0       ; 0         ; 0    ; 0            ; |processer|shift_reg_8:A_reg                                                                         ; work         ;
;    |shift_reg_8:B_reg|             ; 9 (9)             ; 8 (8)        ; 0           ; 0            ; 0       ; 0         ; 0    ; 0            ; |processer|shift_reg_8:B_reg                                                                         ; work         ;
+------------------------------------+-------------------+--------------+-------------+--------------+---------+-----------+------+--------------+------------------------------------------------------------------------------------------------------+--------------+
Note: For table entries with two numbers listed, the numbers in parentheses indicate the number of resources of the given type used by the specific entity alone. The numbers listed outside of parentheses indicate the total resources of the given type used by the specific entity and all of its sub-entities in the hierarchy.


Encoding Type:  One-Hot
+-------------------------------------------------------------------------------------------------------------------------------------------------------------------------------------------------------------------------------------------------------------------------------------------------------------------------------------+
; State Machine - |processer|control:control_module|counter_cur                                                                                                                                                                                                                                                                       ;
+------------------+---------------+----------------+----------------+----------------+----------------+----------------+----------------+----------------+----------------+----------------+----------------+----------------+----------------+----------------+----------------+----------------+----------------+------------------+
; Name             ; counter_cur.I ; counter_cur.H1 ; counter_cur.H0 ; counter_cur.G1 ; counter_cur.G0 ; counter_cur.F1 ; counter_cur.F0 ; counter_cur.E1 ; counter_cur.E0 ; counter_cur.D1 ; counter_cur.D0 ; counter_cur.C1 ; counter_cur.C0 ; counter_cur.B1 ; counter_cur.B0 ; counter_cur.A1 ; counter_cur.A0 ; counter_cur.Wait ;
+------------------+---------------+----------------+----------------+----------------+----------------+----------------+----------------+----------------+----------------+----------------+----------------+----------------+----------------+----------------+----------------+----------------+----------------+------------------+
; counter_cur.Wait ; 0             ; 0              ; 0              ; 0              ; 0              ; 0              ; 0              ; 0              ; 0              ; 0              ; 0              ; 0              ; 0              ; 0              ; 0              ; 0              ; 0              ; 0                ;
; counter_cur.A0   ; 0             ; 0              ; 0              ; 0              ; 0              ; 0              ; 0              ; 0              ; 0              ; 0              ; 0              ; 0              ; 0              ; 0              ; 0              ; 0              ; 1              ; 1                ;
; counter_cur.A1   ; 0             ; 0              ; 0              ; 0              ; 0              ; 0              ; 0              ; 0              ; 0              ; 0              ; 0              ; 0              ; 0              ; 0              ; 0              ; 1              ; 0              ; 1                ;
; counter_cur.B0   ; 0             ; 0              ; 0              ; 0              ; 0              ; 0              ; 0              ; 0              ; 0              ; 0              ; 0              ; 0              ; 0              ; 0              ; 1              ; 0              ; 0              ; 1                ;
; counter_cur.B1   ; 0             ; 0              ; 0              ; 0              ; 0              ; 0              ; 0              ; 0              ; 0              ; 0              ; 0              ; 0              ; 0              ; 1              ; 0              ; 0              ; 0              ; 1                ;
; counter_cur.C0   ; 0             ; 0              ; 0              ; 0              ; 0              ; 0              ; 0              ; 0              ; 0              ; 0              ; 0              ; 0              ; 1              ; 0              ; 0              ; 0              ; 0              ; 1                ;
; counter_cur.C1   ; 0             ; 0              ; 0              ; 0              ; 0              ; 0              ; 0              ; 0              ; 0              ; 0              ; 0              ; 1              ; 0              ; 0              ; 0              ; 0              ; 0              ; 1                ;
; counter_cur.D0   ; 0             ; 0              ; 0              ; 0              ; 0              ; 0              ; 0              ; 0              ; 0              ; 0              ; 1              ; 0              ; 0              ; 0              ; 0              ; 0              ; 0              ; 1                ;
; counter_cur.D1   ; 0             ; 0              ; 0              ; 0              ; 0              ; 0              ; 0              ; 0              ; 0              ; 1              ; 0              ; 0              ; 0              ; 0              ; 0              ; 0              ; 0              ; 1                ;
; counter_cur.E0   ; 0             ; 0              ; 0              ; 0              ; 0              ; 0              ; 0              ; 0              ; 1              ; 0              ; 0              ; 0              ; 0              ; 0              ; 0              ; 0              ; 0              ; 1                ;
; counter_cur.E1   ; 0             ; 0              ; 0              ; 0              ; 0              ; 0              ; 0              ; 1              ; 0              ; 0              ; 0              ; 0              ; 0              ; 0              ; 0              ; 0              ; 0              ; 1                ;
; counter_cur.F0   ; 0             ; 0              ; 0              ; 0              ; 0              ; 0              ; 1              ; 0              ; 0              ; 0              ; 0              ; 0              ; 0              ; 0              ; 0              ; 0              ; 0              ; 1                ;
; counter_cur.F1   ; 0             ; 0              ; 0              ; 0              ; 0              ; 1              ; 0              ; 0              ; 0              ; 0              ; 0              ; 0              ; 0              ; 0              ; 0              ; 0              ; 0              ; 1                ;
; counter_cur.G0   ; 0             ; 0              ; 0              ; 0              ; 1              ; 0              ; 0              ; 0              ; 0              ; 0              ; 0              ; 0              ; 0              ; 0              ; 0              ; 0              ; 0              ; 1                ;
; counter_cur.G1   ; 0             ; 0              ; 0              ; 1              ; 0              ; 0              ; 0              ; 0              ; 0              ; 0              ; 0              ; 0              ; 0              ; 0              ; 0              ; 0              ; 0              ; 1                ;
; counter_cur.H0   ; 0             ; 0              ; 1              ; 0              ; 0              ; 0              ; 0              ; 0              ; 0              ; 0              ; 0              ; 0              ; 0              ; 0              ; 0              ; 0              ; 0              ; 1                ;
; counter_cur.H1   ; 0             ; 1              ; 0              ; 0              ; 0              ; 0              ; 0              ; 0              ; 0              ; 0              ; 0              ; 0              ; 0              ; 0              ; 0              ; 0              ; 0              ; 1                ;
; counter_cur.I    ; 1             ; 0              ; 0              ; 0              ; 0              ; 0              ; 0              ; 0              ; 0              ; 0              ; 0              ; 0              ; 0              ; 0              ; 0              ; 0              ; 0              ; 1                ;
+------------------+---------------+----------------+----------------+----------------+----------------+----------------+----------------+----------------+----------------+----------------+----------------+----------------+----------------+----------------+----------------+----------------+----------------+------------------+


+------------------------------------------------------------+
; Registers Removed During Synthesis                         ;
+---------------------------------------+--------------------+
; Register name                         ; Reason for Removal ;
+---------------------------------------+--------------------+
; control:control_module|counter_cur~4  ; Lost fanout        ;
; control:control_module|counter_cur~5  ; Lost fanout        ;
; control:control_module|counter_cur~6  ; Lost fanout        ;
; control:control_module|counter_cur~7  ; Lost fanout        ;
; control:control_module|counter_cur~8  ; Lost fanout        ;
; control:control_module|counter_cur~9  ; Lost fanout        ;
; control:control_module|counter_cur~10 ; Lost fanout        ;
; Total Number of Removed Registers = 7 ;                    ;
+---------------------------------------+--------------------+


+------------------------------------------------------+
; General Register Statistics                          ;
+----------------------------------------------+-------+
; Statistic                                    ; Value ;
+----------------------------------------------+-------+
; Total registers                              ; 35    ;
; Number of registers using Synchronous Clear  ; 5     ;
; Number of registers using Synchronous Load   ; 5     ;
; Number of registers using Asynchronous Clear ; 18    ;
; Number of registers using Asynchronous Load  ; 0     ;
; Number of registers using Clock Enable       ; 16    ;
; Number of registers using Preset             ; 0     ;
+----------------------------------------------+-------+


+--------------------------------------------------------------------------------------------------------------------------------------------------------------+
; Multiplexer Restructuring Statistics (Restructuring Performed)                                                                                               ;
+--------------------+-----------+---------------+----------------------+------------------------+------------+------------------------------------------------+
; Multiplexer Inputs ; Bus Width ; Baseline Area ; Area if Restructured ; Saving if Restructured ; Registered ; Example Multiplexer Output                     ;
+--------------------+-----------+---------------+----------------------+------------------------+------------+------------------------------------------------+
; 3:1                ; 8 bits    ; 16 LEs        ; 8 LEs                ; 8 LEs                  ; Yes        ; |processer|shift_reg_8:B_reg|R[7]              ;
; 4:1                ; 3 bits    ; 6 LEs         ; 6 LEs                ; 0 LEs                  ; Yes        ; |processer|shift_reg_8:A_reg|R[5]              ;
; 5:1                ; 3 bits    ; 9 LEs         ; 6 LEs                ; 3 LEs                  ; Yes        ; |processer|shift_reg_8:A_reg|R[4]              ;
; 5:1                ; 2 bits    ; 6 LEs         ; 4 LEs                ; 2 LEs                  ; Yes        ; |processer|shift_reg_8:A_reg|R[7]              ;
; 3:1                ; 8 bits    ; 16 LEs        ; 16 LEs               ; 0 LEs                  ; No         ; |processer|computation_module:adder|operand[7] ;
+--------------------+-----------+---------------+----------------------+------------------------+------------+------------------------------------------------+


+------------------------------------------------------------------------------------------------------------------------------------------------------------------------------------------------------------------+
; Port Connectivity Checks: "computation_module:adder|carry_select_adder_9:adder|adder_4_select:adderA1"                                                                                                           ;
+----------+-------+----------+------------------------------------------------------------------------------------------------------------------------------------------------------------------------------------+
; Port     ; Type  ; Severity ; Details                                                                                                                                                                            ;
+----------+-------+----------+------------------------------------------------------------------------------------------------------------------------------------------------------------------------------------+
; c_in     ; Input ; Warning  ; Input port expression (32 bits) is wider than the input port (1 bits) it drives.  The 31 most-significant bit(s) in the expression will be dangling if they have no other fanouts. ;
; c_in[-1] ; Input ; Info     ; Stuck at VCC                                                                                                                                                                       ;
+----------+-------+----------+------------------------------------------------------------------------------------------------------------------------------------------------------------------------------------+


+------------------------------------------------------------------------------------------------------------------------------------------------------------------------------------------------------------------+
; Port Connectivity Checks: "computation_module:adder|carry_select_adder_9:adder|adder_4_select:adderA0"                                                                                                           ;
+----------+-------+----------+------------------------------------------------------------------------------------------------------------------------------------------------------------------------------------+
; Port     ; Type  ; Severity ; Details                                                                                                                                                                            ;
+----------+-------+----------+------------------------------------------------------------------------------------------------------------------------------------------------------------------------------------+
; c_in     ; Input ; Warning  ; Input port expression (32 bits) is wider than the input port (1 bits) it drives.  The 31 most-significant bit(s) in the expression will be dangling if they have no other fanouts. ;
; c_in[-1] ; Input ; Info     ; Stuck at GND                                                                                                                                                                       ;
+----------+-------+----------+------------------------------------------------------------------------------------------------------------------------------------------------------------------------------------+


+------------------------------------------------------------------------------------------------------------------------------------------------------------------------------------------------------------------+
; Port Connectivity Checks: "computation_module:adder|carry_select_adder_9:adder|adder_4_select:adderB1"                                                                                                           ;
+----------+-------+----------+------------------------------------------------------------------------------------------------------------------------------------------------------------------------------------+
; Port     ; Type  ; Severity ; Details                                                                                                                                                                            ;
+----------+-------+----------+------------------------------------------------------------------------------------------------------------------------------------------------------------------------------------+
; c_in     ; Input ; Warning  ; Input port expression (32 bits) is wider than the input port (1 bits) it drives.  The 31 most-significant bit(s) in the expression will be dangling if they have no other fanouts. ;
; c_in[-1] ; Input ; Info     ; Stuck at VCC                                                                                                                                                                       ;
+----------+-------+----------+------------------------------------------------------------------------------------------------------------------------------------------------------------------------------------+


+------------------------------------------------------------------------------------------------------------------------------------------------------------------------------------------------------------------+
; Port Connectivity Checks: "computation_module:adder|carry_select_adder_9:adder|adder_4_select:adderB0"                                                                                                           ;
+----------+-------+----------+------------------------------------------------------------------------------------------------------------------------------------------------------------------------------------+
; Port     ; Type  ; Severity ; Details                                                                                                                                                                            ;
+----------+-------+----------+------------------------------------------------------------------------------------------------------------------------------------------------------------------------------------+
; c_in     ; Input ; Warning  ; Input port expression (32 bits) is wider than the input port (1 bits) it drives.  The 31 most-significant bit(s) in the expression will be dangling if they have no other fanouts. ;
; c_in[-1] ; Input ; Info     ; Stuck at GND                                                                                                                                                                       ;
+----------+-------+----------+------------------------------------------------------------------------------------------------------------------------------------------------------------------------------------+


+--------------------------------------------------------------------------------------------------------------------------------------+
; Port Connectivity Checks: "computation_module:adder|carry_select_adder_9:adder"                                                      ;
+-------+--------+----------+----------------------------------------------------------------------------------------------------------+
; Port  ; Type   ; Severity ; Details                                                                                                  ;
+-------+--------+----------+----------------------------------------------------------------------------------------------------------+
; c_out ; Output ; Warning  ; Declared by entity but not connected by instance. Logic that only feeds a dangling port will be removed. ;
+-------+--------+----------+----------------------------------------------------------------------------------------------------------+


+-----------------------------------------------------+
; Post-Synthesis Netlist Statistics for Top Partition ;
+-----------------------+-----------------------------+
; Type                  ; Count                       ;
+-----------------------+-----------------------------+
; boundary_port         ; 41                          ;
; cycloneiii_ff         ; 35                          ;
;     CLR               ; 18                          ;
;     ENA               ; 11                          ;
;     ENA SCLR SLD      ; 5                           ;
;     plain             ; 1                           ;
; cycloneiii_lcell_comb ; 92                          ;
;     normal            ; 92                          ;
;         1 data inputs ; 4                           ;
;         2 data inputs ; 3                           ;
;         3 data inputs ; 18                          ;
;         4 data inputs ; 67                          ;
;                       ;                             ;
; Max LUT depth         ; 8.00                        ;
; Average LUT depth     ; 3.88                        ;
+-----------------------+-----------------------------+


+-------------------------------+
; Elapsed Time Per Partition    ;
+----------------+--------------+
; Partition Name ; Elapsed Time ;
+----------------+--------------+
; Top            ; 00:00:00     ;
+----------------+--------------+


+-------------------------------+
; Analysis & Synthesis Messages ;
+-------------------------------+
Info: *******************************************************************
Info: Running Quartus II 64-Bit Analysis & Synthesis
    Info: Version 14.1.0 Build 186 12/03/2014 SJ Web Edition
    Info: Processing started: Sat Feb 14 17:46:27 2015
Info: Command: quartus_map --read_settings_files=on --write_settings_files=off Lab5 -c Lab5
Warning (20028): Parallel compilation is not licensed and has been disabled
Info (12021): Found 1 design units, including 1 entities, in source file hexdriver.sv
    Info (12023): Found entity 1: HexDriver
Info (12021): Found 1 design units, including 1 entities, in source file mux2to1.sv
    Info (12023): Found entity 1: mux2to1
Info (12021): Found 1 design units, including 1 entities, in source file adder_4_select.sv
    Info (12023): Found entity 1: adder_4_select
Info (12021): Found 1 design units, including 1 entities, in source file full_adder.sv
    Info (12023): Found entity 1: full_adder
Info (12021): Found 1 design units, including 1 entities, in source file carry_select_adder_9.sv
    Info (12023): Found entity 1: carry_select_adder_9
Warning (10261): Verilog HDL Event Control warning at control.sv(6): Event Control contains a complex event expression
Info (12021): Found 1 design units, including 1 entities, in source file control.sv
    Info (12023): Found entity 1: control
Info (12021): Found 1 design units, including 1 entities, in source file computation_module.sv
    Info (12023): Found entity 1: computation_module
Info (12021): Found 1 design units, including 1 entities, in source file processer.sv
    Info (12023): Found entity 1: processer
Info (12021): Found 1 design units, including 1 entities, in source file shift_reg_8.sv
    Info (12023): Found entity 1: shift_reg_8
Info (12127): Elaborating entity "processer" for the top level hierarchy
Info (12128): Elaborating entity "computation_module" for hierarchy "computation_module:adder"
Info (12128): Elaborating entity "carry_select_adder_9" for hierarchy "computation_module:adder|carry_select_adder_9:adder"
Info (12128): Elaborating entity "adder_4_select" for hierarchy "computation_module:adder|carry_select_adder_9:adder|adder_4_select:adderB0"
Info (12128): Elaborating entity "full_adder" for hierarchy "computation_module:adder|carry_select_adder_9:adder|adder_4_select:adderB0|full_adder:FA0"
Info (12128): Elaborating entity "mux2to1" for hierarchy "computation_module:adder|carry_select_adder_9:adder|mux2to1:muxB"
Info (12128): Elaborating entity "shift_reg_8" for hierarchy "shift_reg_8:A_reg"
Info (12128): Elaborating entity "control" for hierarchy "control:control_module"
Info (12128): Elaborating entity "HexDriver" for hierarchy "HexDriver:A_HexUp"
Warning (12241): 5 hierarchies have connectivity warnings - see the Connectivity Checks report folder
Info (286030): Timing-Driven Synthesis is running
Info (17049): 7 registers lost all their fanouts during netlist optimizations.
Info (144001): Generated suppressed messages file C:/Users/Sunny/Documents/GitHub/ECE385_Lab5/output_files/Lab5.map.smsg
Info (16010): Generating hard_block partition "hard_block:auto_generated_inst"
    Info (16011): Adding 0 node(s), including 0 DDIO, 0 PLL, 0 transceiver and 0 LCELL
Info (21057): Implemented 144 device resources after synthesis - the final resource count might be different
    Info (21058): Implemented 12 input pins
    Info (21059): Implemented 29 output pins
    Info (21061): Implemented 103 logic cells
Info: Quartus II 64-Bit Analysis & Synthesis was successful. 0 errors, 3 warnings
    Info: Peak virtual memory: 618 megabytes
    Info: Processing ended: Sat Feb 14 17:46:38 2015
    Info: Elapsed time: 00:00:11
    Info: Total CPU time (on all processors): 00:00:25


+------------------------------------------+
; Analysis & Synthesis Suppressed Messages ;
+------------------------------------------+
The suppressed messages can be found in C:/Users/Sunny/Documents/GitHub/ECE385_Lab5/output_files/Lab5.map.smsg.


